[2023-08-23 22:11:59] Текст ошибки:  | Файл: D:\XAMPP\htdocs\ishop.loc\public\index.php | Строка: 13
==========================
[2023-08-23 22:12:01] Текст ошибки:  | Файл: D:\XAMPP\htdocs\ishop.loc\public\index.php | Строка: 13
==========================
[2023-08-23 22:12:08] Текст ошибки:  | Файл: D:\XAMPP\htdocs\ishop.loc\public\index.php | Строка: 13
==========================
[2023-08-23 22:19:46] Текст ошибки:  | Файл: D:\XAMPP\htdocs\ishop.loc\public\index.php | Строка: 13
==========================
[2023-08-23 22:20:39] Текст ошибки:  | Файл: D:\XAMPP\htdocs\ishop.loc\public\index.php | Строка: 13
==========================
[2023-08-23 22:20:56] Текст ошибки:  | Файл: D:\XAMPP\htdocs\ishop.loc\public\index.php | Строка: 13
==========================
[2023-08-23 22:21:11] Текст ошибки:  | Файл: D:\XAMPP\htdocs\ishop.loc\public\index.php | Строка: 13
==========================
[2023-08-23 22:21:18] Текст ошибки:  | Файл: D:\XAMPP\htdocs\ishop.loc\public\index.php | Строка: 13
==========================
[2023-08-23 22:21:51] Текст ошибки:  | Файл: D:\XAMPP\htdocs\ishop.loc\public\index.php | Строка: 13
==========================
[2023-08-23 22:23:55] Текст ошибки:  | Файл: D:\XAMPP\htdocs\ishop.loc\public\index.php | Строка: 13
==========================
[2023-08-23 22:25:04] Текст ошибки:  | Файл: D:\XAMPP\htdocs\ishop.loc\public\index.php | Строка: 13
==========================
[2023-08-23 22:25:08] Текст ошибки:  | Файл: D:\XAMPP\htdocs\ishop.loc\public\index.php | Строка: 13
==========================
[2023-08-23 22:25:09] Текст ошибки:  | Файл: D:\XAMPP\htdocs\ishop.loc\public\index.php | Строка: 13
==========================
[2023-08-23 22:26:41] Текст ошибки:  | Файл: D:\XAMPP\htdocs\ishop.loc\public\index.php | Строка: 13
==========================
[2023-08-23 22:27:17] Текст ошибки:  | Файл: D:\XAMPP\htdocs\ishop.loc\public\index.php | Строка: 13
==========================
[2023-08-23 22:27:21] Текст ошибки:  | Файл: D:\XAMPP\htdocs\ishop.loc\public\index.php | Строка: 13
==========================
[2023-08-23 22:37:49] Текст ошибки:  | Файл: D:\XAMPP\htdocs\ishop.loc\public\index.php | Строка: 13
==========================
[2023-08-23 22:37:49] Текст ошибки:  | Файл: D:\XAMPP\htdocs\ishop.loc\public\index.php | Строка: 13
==========================
[2023-08-23 22:37:49] Текст ошибки:  | Файл: D:\XAMPP\htdocs\ishop.loc\public\index.php | Строка: 13
==========================
[2023-08-23 22:37:49] Текст ошибки:  | Файл: D:\XAMPP\htdocs\ishop.loc\public\index.php | Строка: 13
==========================
[2023-08-23 22:37:49] Текст ошибки:  | Файл: D:\XAMPP\htdocs\ishop.loc\public\index.php | Строка: 13
==========================
[2023-08-23 22:37:49] Текст ошибки:  | Файл: D:\XAMPP\htdocs\ishop.loc\public\index.php | Строка: 13
==========================
[2023-08-23 22:37:50] Текст ошибки:  | Файл: D:\XAMPP\htdocs\ishop.loc\public\index.php | Строка: 13
==========================
[2023-08-23 22:37:50] Текст ошибки:  | Файл: D:\XAMPP\htdocs\ishop.loc\public\index.php | Строка: 13
==========================
[2023-08-23 22:38:40] Текст ошибки:  | Файл: D:\XAMPP\htdocs\ishop.loc\public\index.php | Строка: 13
==========================
[2023-08-23 22:38:44] Текст ошибки:  | Файл: D:\XAMPP\htdocs\ishop.loc\public\index.php | Строка: 13
==========================
[2023-08-23 22:39:12] Текст ошибки:  | Файл: D:\XAMPP\htdocs\ishop.loc\public\index.php | Строка: 13
==========================
[2023-08-23 22:39:16] Текст ошибки:  | Файл: D:\XAMPP\htdocs\ishop.loc\public\index.php | Строка: 13
==========================
[2023-08-23 22:39:17] Текст ошибки:  | Файл: D:\XAMPP\htdocs\ishop.loc\public\index.php | Строка: 13
==========================
[2023-08-23 22:39:17] Текст ошибки:  | Файл: D:\XAMPP\htdocs\ishop.loc\public\index.php | Строка: 13
==========================
[2023-08-23 22:39:44] Текст ошибки:  | Файл: D:\XAMPP\htdocs\ishop.loc\public\index.php | Строка: 13
==========================
[2023-08-23 22:40:32] Текст ошибки:  | Файл: D:\XAMPP\htdocs\ishop.loc\public\index.php | Строка: 13
==========================
[2023-08-23 22:40:51] Текст ошибки:  | Файл: D:\XAMPP\htdocs\ishop.loc\public\index.php | Строка: 13
==========================
[2023-08-23 22:42:47] Текст ошибки:  | Файл: D:\XAMPP\htdocs\ishop.loc\public\index.php | Строка: 13
==========================
[2023-08-23 22:44:51] Текст ошибки:  | Файл: D:\XAMPP\htdocs\ishop.loc\public\index.php | Строка: 13
==========================
[2023-08-23 22:47:01] Текст ошибки:  | Файл: D:\XAMPP\htdocs\ishop.loc\public\index.php | Строка: 13
=================
[2023-08-23 22:47:17] Текст ошибки:  | Файл: D:\XAMPP\htdocs\ishop.loc\public\index.php | Строка: 13
=================
[2023-08-23 22:47:20] Текст ошибки:  | Файл: D:\XAMPP\htdocs\ishop.loc\public\index.php | Строка: 13
=================
[2023-08-23 22:48:26] Текст ошибки:  | Файл: D:\XAMPP\htdocs\ishop.loc\public\index.php | Строка: 13
==========================
[2023-08-23 22:48:38] Текст ошибки:  | Файл: D:\XAMPP\htdocs\ishop.loc\public\index.php | Строка: 13
==========================
[2023-08-23 22:48:38] Текст ошибки: Uncaught Error: Call to undefined method core\ErrorHandler::displayErrors() in D:\XAMPP\htdocs\ishop.loc\vendor\core\ErrorHandler.php:46
Stack trace:
#0 [internal function]: core\ErrorHandler->exceptionHandler(Object(Exception))
#1 {main}
  thrown | Файл: D:\XAMPP\htdocs\ishop.loc\vendor\core\ErrorHandler.php | Строка: 46
==========================
[2023-08-23 22:48:56] Текст ошибки:  | Файл: D:\XAMPP\htdocs\ishop.loc\public\index.php | Строка: 13
==========================
[2023-08-23 22:48:56] Текст ошибки: Uncaught Error: Call to undefined method core\ErrorHandler::displayErrors() in D:\XAMPP\htdocs\ishop.loc\vendor\core\ErrorHandler.php:46
Stack trace:
#0 [internal function]: core\ErrorHandler->exceptionHandler(Object(Exception))
#1 {main}
  thrown | Файл: D:\XAMPP\htdocs\ishop.loc\vendor\core\ErrorHandler.php | Строка: 46
==========================
[2023-08-23 22:49:15] Текст ошибки:  | Файл: D:\XAMPP\htdocs\ishop.loc\public\index.php | Строка: 13
==========================
[2023-08-23 22:49:22] Текст ошибки:  | Файл: D:\XAMPP\htdocs\ishop.loc\public\index.php | Строка: 13
==========================
[2023-08-23 22:49:32] Текст ошибки:  | Файл: D:\XAMPP\htdocs\ishop.loc\public\index.php | Строка: 13
==========================
[2023-08-23 22:50:01] Текст ошибки:  | Файл: D:\XAMPP\htdocs\ishop.loc\public\index.php | Строка: 13
==========================
[2023-08-23 22:50:29] Текст ошибки:  | Файл: D:\XAMPP\htdocs\ishop.loc\public\index.php | Строка: 13
==========================
[2023-08-23 22:51:54] Текст ошибки:  | Файл: D:\XAMPP\htdocs\ishop.loc\public\index.php | Строка: 13
==========================
[2023-08-23 22:52:42] Текст ошибки:  | Файл: D:\XAMPP\htdocs\ishop.loc\public\index.php | Строка: 13
==========================
[2023-08-23 22:52:42] Текст ошибки: Uncaught Error: Call to undefined method core\ErrorHandler::displayErrors() in D:\XAMPP\htdocs\ishop.loc\vendor\core\ErrorHandler.php:46
Stack trace:
#0 [internal function]: core\ErrorHandler->exceptionHandler(Object(Exception))
#1 {main}
  thrown | Файл: D:\XAMPP\htdocs\ishop.loc\vendor\core\ErrorHandler.php | Строка: 46
==========================
[2023-08-23 22:52:59] Текст ошибки:  | Файл: D:\XAMPP\htdocs\ishop.loc\public\index.php | Строка: 13
==========================
[2023-08-23 22:53:16] Текст ошибки:  | Файл: D:\XAMPP\htdocs\ishop.loc\public\index.php | Строка: 13
==========================
[2023-08-23 22:53:16] Текст ошибки:  | Файл: D:\XAMPP\htdocs\ishop.loc\public\index.php | Строка: 13
==========================
[2023-08-23 22:53:16] Текст ошибки:  | Файл: D:\XAMPP\htdocs\ishop.loc\public\index.php | Строка: 13
==========================
[2023-08-23 22:53:16] Текст ошибки:  | Файл: D:\XAMPP\htdocs\ishop.loc\public\index.php | Строка: 13
==========================
[2023-08-23 22:53:16] Текст ошибки:  | Файл: D:\XAMPP\htdocs\ishop.loc\public\index.php | Строка: 13
==========================
[2023-08-23 22:53:23] Текст ошибки:  | Файл: D:\XAMPP\htdocs\ishop.loc\public\index.php | Строка: 13
==========================
[2023-08-23 22:55:00] Текст ошибки:  | Файл: D:\XAMPP\htdocs\ishop.loc\public\index.php | Строка: 13
==========================
[2023-08-23 22:55:35] Текст ошибки:  | Файл: D:\XAMPP\htdocs\ishop.loc\public\index.php | Строка: 13
=================
[2023-08-23 22:56:18] Текст ошибки:  | Файл: D:\XAMPP\htdocs\ishop.loc\public\index.php | Строка: 13
==========================
[2023-08-23 22:56:28] Текст ошибки:  | Файл: D:\XAMPP\htdocs\ishop.loc\public\index.php | Строка: 13
==========================
[2023-08-23 22:56:35] Текст ошибки:  | Файл: D:\XAMPP\htdocs\ishop.loc\public\index.php | Строка: 13
==========================
[2023-08-23 22:56:47] Текст ошибки:  | Файл: D:\XAMPP\htdocs\ishop.loc\public\index.php | Строка: 13
==========================
[2023-08-23 22:58:07] Текст ошибки:  | Файл: D:\XAMPP\htdocs\ishop.loc\public\index.php | Строка: 13
==========================
[2023-08-23 22:58:07] Текст ошибки:  | Файл: D:\XAMPP\htdocs\ishop.loc\public\index.php | Строка: 13
==========================
[2023-08-23 22:58:07] Текст ошибки:  | Файл: D:\XAMPP\htdocs\ishop.loc\public\index.php | Строка: 13
==========================
[2023-08-23 22:58:08] Текст ошибки:  | Файл: D:\XAMPP\htdocs\ishop.loc\public\index.php | Строка: 13
==========================
[2023-08-23 22:58:32] Текст ошибки:  | Файл: D:\XAMPP\htdocs\ishop.loc\public\index.php | Строка: 13
==========================
[2023-08-23 22:58:45] Текст ошибки:  | Файл: D:\XAMPP\htdocs\ishop.loc\public\index.php | Строка: 13
==========================
[2023-08-23 22:59:08] Текст ошибки:  | Файл: D:\XAMPP\htdocs\ishop.loc\public\index.php | Строка: 13
==========================
[2023-08-23 22:59:08] Текст ошибки:  | Файл: D:\XAMPP\htdocs\ishop.loc\public\index.php | Строка: 13
==========================
[2023-08-23 22:59:15] Текст ошибки:  | Файл: D:\XAMPP\htdocs\ishop.loc\public\index.php | Строка: 13
==========================
[2023-08-23 22:59:15] Текст ошибки:  | Файл: D:\XAMPP\htdocs\ishop.loc\public\index.php | Строка: 13
==========================
[2023-08-23 23:00:55] Текст ошибки:  | Файл: D:\XAMPP\htdocs\ishop.loc\public\index.php | Строка: 13
==========================
[2023-08-23 23:01:18] Текст ошибки:  | Файл: D:\XAMPP\htdocs\ishop.loc\public\index.php | Строка: 13
==========================
[2023-08-23 23:07:03] Текст ошибки: Undefined variable $test | Файл: D:\XAMPP\htdocs\ishop.loc\public\index.php | Строка: 13
==========================
[2023-08-23 23:09:04] Текст ошибки: Undefined variable $test | Файл: D:\XAMPP\htdocs\ishop.loc\public\index.php | Строка: 13
==========================
[2023-08-23 23:10:21] Текст ошибки: Undefined variable $test | Файл: D:\XAMPP\htdocs\ishop.loc\public\index.php | Строка: 13
==========================
[2023-08-23 23:10:35] Текст ошибки: Undefined variable $test | Файл: D:\XAMPP\htdocs\ishop.loc\public\index.php | Строка: 13
==========================
[2023-08-23 23:10:36] Текст ошибки: Undefined variable $test | Файл: D:\XAMPP\htdocs\ishop.loc\public\index.php | Строка: 13
==========================
[2023-08-23 23:10:36] Текст ошибки: Undefined variable $test | Файл: D:\XAMPP\htdocs\ishop.loc\public\index.php | Строка: 13
==========================
[2023-08-23 23:10:36] Текст ошибки: Undefined variable $test | Файл: D:\XAMPP\htdocs\ishop.loc\public\index.php | Строка: 13
==========================
[2023-08-23 23:10:49] Текст ошибки: Undefined variable $test | Файл: D:\XAMPP\htdocs\ishop.loc\public\index.php | Строка: 13
==========================
[2023-08-23 23:10:50] Текст ошибки: Undefined variable $test | Файл: D:\XAMPP\htdocs\ishop.loc\public\index.php | Строка: 13
==========================
[2023-08-23 23:10:50] Текст ошибки: Undefined variable $test | Файл: D:\XAMPP\htdocs\ishop.loc\public\index.php | Строка: 13
==========================
[2023-08-23 23:10:50] Текст ошибки: Undefined variable $test | Файл: D:\XAMPP\htdocs\ishop.loc\public\index.php | Строка: 13
==========================
[2023-08-23 23:11:04] Текст ошибки: Undefined variable $test | Файл: D:\XAMPP\htdocs\ishop.loc\public\index.php | Строка: 13
==========================
[2023-08-23 23:11:09] Текст ошибки: Undefined variable $test | Файл: D:\XAMPP\htdocs\ishop.loc\public\index.php | Строка: 13
==========================
[2023-08-23 23:11:48] Текст ошибки: Undefined variable $test | Файл: D:\XAMPP\htdocs\ishop.loc\public\index.php | Строка: 13
==========================
[2023-08-23 23:12:26] Текст ошибки: Undefined variable $test | Файл: D:\XAMPP\htdocs\ishop.loc\public\index.php | Строка: 13
==========================
[2023-08-23 23:12:43] Текст ошибки: Undefined variable $test | Файл: D:\XAMPP\htdocs\ishop.loc\public\index.php | Строка: 13
==========================
[2023-08-24 15:43:22] Текст ошибки: Страница не найдена | Файл: D:\XAMPP\htdocs\ishop.loc\vendor\core\Router.php | Строка: 36
==========================
[2023-08-24 15:54:54] Текст ошибки: Контроллер не найден | Файл: D:\XAMPP\htdocs\ishop.loc\vendor\core\Router.php | Строка: 43
==========================
[2023-08-24 15:55:06] Текст ошибки: Контроллер не найден | Файл: D:\XAMPP\htdocs\ishop.loc\vendor\core\Router.php | Строка: 43
==========================
[2023-08-24 15:55:22] Текст ошибки: Контроллер не найден | Файл: D:\XAMPP\htdocs\ishop.loc\vendor\core\Router.php | Строка: 43
==========================
[2023-08-24 15:55:24] Текст ошибки: Контроллер не найден | Файл: D:\XAMPP\htdocs\ishop.loc\vendor\core\Router.php | Строка: 43
==========================
[2023-08-24 15:55:24] Текст ошибки: Контроллер не найден | Файл: D:\XAMPP\htdocs\ishop.loc\vendor\core\Router.php | Строка: 43
==========================
[2023-08-24 15:55:25] Текст ошибки: Контроллер не найден | Файл: D:\XAMPP\htdocs\ishop.loc\vendor\core\Router.php | Строка: 43
==========================
[2023-08-24 15:55:25] Текст ошибки: Контроллер не найден | Файл: D:\XAMPP\htdocs\ishop.loc\vendor\core\Router.php | Строка: 43
==========================
[2023-08-24 15:55:25] Текст ошибки: Контроллер не найден | Файл: D:\XAMPP\htdocs\ishop.loc\vendor\core\Router.php | Строка: 43
==========================
[2023-08-24 15:55:39] Текст ошибки: Контроллер не найден | Файл: D:\XAMPP\htdocs\ishop.loc\vendor\core\Router.php | Строка: 43
==========================
[2023-08-24 15:55:39] Текст ошибки: Контроллер не найден | Файл: D:\XAMPP\htdocs\ishop.loc\vendor\core\Router.php | Строка: 43
==========================
[2023-08-24 15:55:39] Текст ошибки: Контроллер не найден | Файл: D:\XAMPP\htdocs\ishop.loc\vendor\core\Router.php | Строка: 43
==========================
[2023-08-24 15:55:39] Текст ошибки: Контроллер не найден | Файл: D:\XAMPP\htdocs\ishop.loc\vendor\core\Router.php | Строка: 43
==========================
[2023-08-24 15:55:51] Текст ошибки: Контроллер не найден | Файл: D:\XAMPP\htdocs\ishop.loc\vendor\core\Router.php | Строка: 43
==========================
[2023-08-24 15:55:51] Текст ошибки: Контроллер не найден | Файл: D:\XAMPP\htdocs\ishop.loc\vendor\core\Router.php | Строка: 43
==========================
[2023-08-24 15:55:51] Текст ошибки: Контроллер не найден | Файл: D:\XAMPP\htdocs\ishop.loc\vendor\core\Router.php | Строка: 43
==========================
[2023-08-24 15:55:51] Текст ошибки: Контроллер не найден | Файл: D:\XAMPP\htdocs\ishop.loc\vendor\core\Router.php | Строка: 43
==========================
[2023-08-24 15:56:04] Текст ошибки: Контроллер не найден | Файл: D:\XAMPP\htdocs\ishop.loc\vendor\core\Router.php | Строка: 44
==========================
[2023-08-24 15:56:11] Текст ошибки: Метод не найден | Файл: D:\XAMPP\htdocs\ishop.loc\vendor\core\Router.php | Строка: 41
==========================
[2023-08-24 15:56:20] Текст ошибки: Контроллер не найден | Файл: D:\XAMPP\htdocs\ishop.loc\vendor\core\Router.php | Строка: 43
==========================
[2023-08-24 15:56:27] Текст ошибки: Контроллер не найден | Файл: D:\XAMPP\htdocs\ishop.loc\vendor\core\Router.php | Строка: 44
==========================
[2023-08-24 15:56:40] Текст ошибки: Контроллер не найден | Файл: D:\XAMPP\htdocs\ishop.loc\vendor\core\Router.php | Строка: 44
==========================
[2023-08-24 15:56:47] Текст ошибки: Контроллер не найден | Файл: D:\XAMPP\htdocs\ishop.loc\vendor\core\Router.php | Строка: 44
==========================
[2023-08-24 15:56:53] Текст ошибки: Метод не найден | Файл: D:\XAMPP\htdocs\ishop.loc\vendor\core\Router.php | Строка: 41
==========================
[2023-08-24 16:00:13] Текст ошибки: Контроллер не найден | Файл: D:\XAMPP\htdocs\ishop.loc\vendor\core\Router.php | Строка: 44
==========================
[2023-08-24 16:00:28] Текст ошибки: Метод не найден | Файл: D:\XAMPP\htdocs\ishop.loc\vendor\core\Router.php | Строка: 41
==========================
[2023-08-24 16:01:29] Текст ошибки: Call to undefined method core\Router::dispatch() | Файл: D:\XAMPP\htdocs\ishop.loc\vendor\core\App.php | Строка: 15
==========================
[2023-08-24 16:05:48] Текст ошибки: Object of class app\controllers\MainController could not be converted to string | Файл: D:\XAMPP\htdocs\ishop.loc\vendor\core\Router.php | Строка: 40
==========================
[2023-08-24 16:06:10] Текст ошибки: Метод app\controllers\MainController::index не найден | Файл: D:\XAMPP\htdocs\ishop.loc\vendor\core\Router.php | Строка: 40
==========================
[2023-08-24 16:19:54] Текст ошибки: core\Router::removeQueryString(): Return value must be of type string, none returned | Файл: D:\XAMPP\htdocs\ishop.loc\vendor\core\Router.php | Строка: 59
==========================
[2023-08-24 16:20:27] Текст ошибки: core\Router::removeQueryString(): Return value must be of type string, none returned | Файл: D:\XAMPP\htdocs\ishop.loc\vendor\core\Router.php | Строка: 59
==========================
[2023-08-24 16:20:43] Текст ошибки: core\Router::removeQueryString(): Return value must be of type string, none returned | Файл: D:\XAMPP\htdocs\ishop.loc\vendor\core\Router.php | Строка: 59
==========================
[2023-08-24 16:21:00] Текст ошибки: core\Router::removeQueryString(): Return value must be of type string, none returned | Файл: D:\XAMPP\htdocs\ishop.loc\vendor\core\Router.php | Строка: 59
==========================
[2023-08-24 16:22:24] Текст ошибки: core\Router::removeQueryString(): Return value must be of type string, none returned | Файл: D:\XAMPP\htdocs\ishop.loc\vendor\core\Router.php | Строка: 60
==========================
[2023-08-24 16:22:48] Текст ошибки: core\Router::removeQueryString(): Return value must be of type string, none returned | Файл: D:\XAMPP\htdocs\ishop.loc\vendor\core\Router.php | Строка: 60
==========================
[2023-08-24 16:30:18] Текст ошибки: Контроллер не найден | Файл: D:\XAMPP\htdocs\ishop.loc\vendor\core\Router.php | Строка: 45
==========================
[2023-08-24 16:30:24] Текст ошибки: Контроллер не найден | Файл: D:\XAMPP\htdocs\ishop.loc\vendor\core\Router.php | Строка: 45
==========================
[2023-08-24 16:30:38] Текст ошибки: Контроллер не найден | Файл: D:\XAMPP\htdocs\ishop.loc\vendor\core\Router.php | Строка: 45
==========================
[2023-08-24 17:08:00] Текст ошибки: Контроллер не найден | Файл: D:\XAMPP\htdocs\ishop.loc\vendor\core\Router.php | Строка: 51
==========================
[2023-08-24 17:08:06] Текст ошибки: Контроллер не найден | Файл: D:\XAMPP\htdocs\ishop.loc\vendor\core\Router.php | Строка: 51
==========================
[2023-08-24 17:08:43] Текст ошибки: Call to undefined method app\controllers\admin\MainController::getModel() | Файл: D:\XAMPP\htdocs\ishop.loc\vendor\core\Router.php | Строка: 42
==========================
[2023-08-24 19:56:31] Текст ошибки: Too few arguments to function core\View::render(), 0 passed in D:\XAMPP\htdocs\ishop.loc\vendor\core\Controller.php on line 29 and exactly 1 expected | Файл: D:\XAMPP\htdocs\ishop.loc\vendor\core\View.php | Строка: 26
==========================
[2023-08-24 19:57:05] Текст ошибки: Вид D:\XAMPP\htdocs\ishop.loc/appviews/Main/index.php не найден | Файл: D:\XAMPP\htdocs\ishop.loc\vendor\core\View.php | Строка: 38
==========================
[2023-08-24 19:57:26] Текст ошибки: Вид index не найден | Файл: D:\XAMPP\htdocs\ishop.loc\vendor\core\View.php | Строка: 38
==========================
[2023-08-24 19:58:51] Текст ошибки: Вид D:\XAMPP\htdocs\ishop.loc/appviews/Main/index.php не найден | Файл: D:\XAMPP\htdocs\ishop.loc\vendor\core\View.php | Строка: 38
==========================
[2023-08-24 19:59:03] Текст ошибки: Вид D:\XAMPP\htdocs\ishop.loc/app/views/Main/index.php не найден | Файл: D:\XAMPP\htdocs\ishop.loc\vendor\core\View.php | Строка: 38
==========================
[2023-08-24 20:00:16] Текст ошибки: Вид D:\XAMPP\htdocs\ishop.loc/app/views/Main/index.php не найден | Файл: D:\XAMPP\htdocs\ishop.loc\vendor\core\View.php | Строка: 38
==========================
[2023-08-24 20:34:14] Текст ошибки: Undefined array key "title" | Файл: D:\XAMPP\htdocs\ishop.loc\vendor\core\View.php | Строка: 56
==========================
[2023-08-24 21:14:26] Текст ошибки: Call to undefined function app\models\Main() | Файл: D:\XAMPP\htdocs\ishop.loc\vendor\core\Controller.php | Строка: 24
==========================
[2023-08-24 21:15:40] Текст ошибки: Call to undefined function app\models\Main() | Файл: D:\XAMPP\htdocs\ishop.loc\vendor\core\Controller.php | Строка: 26
==========================
[2023-08-24 21:16:48] Текст ошибки: Call to undefined function app\models\Main() | Файл: D:\XAMPP\htdocs\ishop.loc\vendor\core\Controller.php | Строка: 26
==========================
[2023-08-24 21:16:50] Текст ошибки: Call to undefined function app\models\Main() | Файл: D:\XAMPP\htdocs\ishop.loc\vendor\core\Controller.php | Строка: 26
==========================
[2023-08-24 21:16:51] Текст ошибки: Call to undefined function app\models\Main() | Файл: D:\XAMPP\htdocs\ishop.loc\vendor\core\Controller.php | Строка: 26
==========================
[2023-08-24 21:18:22] Текст ошибки: require_once(D:\XAMPP\htdocs\ishop.loc\configconfig_db.php): Failed to open stream: No such file or directory | Файл: D:\XAMPP\htdocs\ishop.loc\vendor\core\Db.php | Строка: 17
==========================
[2023-08-24 21:19:31] Текст ошибки: Undefined property: core\View::$names | Файл: D:\XAMPP\htdocs\ishop.loc\app\views\Main\index.php | Строка: 10
==========================
